{"name":"Log","hostname":"home-PC","pid":20912,"level":30,"msg":"Creating table: posts","time":"2020-06-07T19:36:22.046Z","v":0}
{"name":"Log","hostname":"home-PC","pid":20912,"level":30,"msg":"Creating table: posts_meta","time":"2020-06-07T19:36:22.077Z","v":0}
{"name":"Log","hostname":"home-PC","pid":20912,"level":30,"msg":"Creating table: users","time":"2020-06-07T19:36:22.117Z","v":0}
{"name":"Log","hostname":"home-PC","pid":20912,"level":30,"msg":"Creating table: posts_authors","time":"2020-06-07T19:36:22.151Z","v":0}
{"name":"Log","hostname":"home-PC","pid":20912,"level":30,"msg":"Creating table: roles","time":"2020-06-07T19:36:22.168Z","v":0}
{"name":"Log","hostname":"home-PC","pid":20912,"level":30,"msg":"Creating table: roles_users","time":"2020-06-07T19:36:22.205Z","v":0}
{"name":"Log","hostname":"home-PC","pid":20912,"level":30,"msg":"Creating table: permissions","time":"2020-06-07T19:36:22.222Z","v":0}
{"name":"Log","hostname":"home-PC","pid":20912,"level":30,"msg":"Creating table: permissions_users","time":"2020-06-07T19:36:22.250Z","v":0}
{"name":"Log","hostname":"home-PC","pid":20912,"level":30,"msg":"Creating table: permissions_roles","time":"2020-06-07T19:36:22.272Z","v":0}
{"name":"Log","hostname":"home-PC","pid":20912,"level":30,"msg":"Creating table: permissions_apps","time":"2020-06-07T19:36:22.288Z","v":0}
{"name":"Log","hostname":"home-PC","pid":20912,"level":30,"msg":"Creating table: settings","time":"2020-06-07T19:36:22.298Z","v":0}
{"name":"Log","hostname":"home-PC","pid":20912,"level":30,"msg":"Creating table: tags","time":"2020-06-07T19:36:22.319Z","v":0}
{"name":"Log","hostname":"home-PC","pid":20912,"level":30,"msg":"Creating table: posts_tags","time":"2020-06-07T19:36:22.343Z","v":0}
{"name":"Log","hostname":"home-PC","pid":20912,"level":30,"msg":"Creating table: apps","time":"2020-06-07T19:36:22.363Z","v":0}
{"name":"Log","hostname":"home-PC","pid":20912,"level":30,"msg":"Creating table: app_settings","time":"2020-06-07T19:36:22.401Z","v":0}
{"name":"Log","hostname":"home-PC","pid":20912,"level":30,"msg":"Creating table: app_fields","time":"2020-06-07T19:36:22.428Z","v":0}
{"name":"Log","hostname":"home-PC","pid":20912,"level":30,"msg":"Creating table: invites","time":"2020-06-07T19:36:22.450Z","v":0}
{"name":"Log","hostname":"home-PC","pid":20912,"level":30,"msg":"Creating table: brute","time":"2020-06-07T19:36:22.488Z","v":0}
{"name":"Log","hostname":"home-PC","pid":20912,"level":30,"msg":"Creating table: webhooks","time":"2020-06-07T19:36:22.503Z","v":0}
{"name":"Log","hostname":"home-PC","pid":20912,"level":30,"msg":"Creating table: sessions","time":"2020-06-07T19:36:22.523Z","v":0}
{"name":"Log","hostname":"home-PC","pid":20912,"level":30,"msg":"Creating table: integrations","time":"2020-06-07T19:36:22.563Z","v":0}
{"name":"Log","hostname":"home-PC","pid":20912,"level":30,"msg":"Creating table: api_keys","time":"2020-06-07T19:36:22.593Z","v":0}
{"name":"Log","hostname":"home-PC","pid":20912,"level":30,"msg":"Creating table: mobiledoc_revisions","time":"2020-06-07T19:36:22.625Z","v":0}
{"name":"Log","hostname":"home-PC","pid":20912,"level":30,"msg":"Creating table: members","time":"2020-06-07T19:36:22.656Z","v":0}
{"name":"Log","hostname":"home-PC","pid":20912,"level":30,"msg":"Creating table: labels","time":"2020-06-07T19:36:22.700Z","v":0}
{"name":"Log","hostname":"home-PC","pid":20912,"level":30,"msg":"Creating table: members_labels","time":"2020-06-07T19:36:22.742Z","v":0}
{"name":"Log","hostname":"home-PC","pid":20912,"level":30,"msg":"Creating table: members_stripe_customers","time":"2020-06-07T19:36:22.754Z","v":0}
{"name":"Log","hostname":"home-PC","pid":20912,"level":30,"msg":"Creating table: members_stripe_customers_subscriptions","time":"2020-06-07T19:36:22.770Z","v":0}
{"name":"Log","hostname":"home-PC","pid":20912,"level":30,"msg":"Creating table: actions","time":"2020-06-07T19:36:22.786Z","v":0}
{"name":"Log","hostname":"home-PC","pid":20912,"level":30,"msg":"Creating table: emails","time":"2020-06-07T19:36:22.812Z","v":0}
{"name":"Log","hostname":"home-PC","pid":20912,"level":30,"msg":"Model: Tag","time":"2020-06-07T19:36:22.904Z","v":0}
{"name":"Log","hostname":"home-PC","pid":20912,"level":30,"msg":"Model: Role","time":"2020-06-07T19:36:22.966Z","v":0}
{"name":"Log","hostname":"home-PC","pid":20912,"level":30,"msg":"Model: Permission","time":"2020-06-07T19:36:23.032Z","v":0}
{"name":"Log","hostname":"home-PC","pid":20912,"level":30,"msg":"Model: User","time":"2020-06-07T19:36:23.464Z","v":0}
{"name":"Log","hostname":"home-PC","pid":20912,"level":30,"msg":"Model: Post","time":"2020-06-07T19:36:24.108Z","v":0}
{"name":"Log","hostname":"home-PC","pid":20912,"level":30,"msg":"Model: Integration","time":"2020-06-07T19:36:24.525Z","v":0}
{"name":"Log","hostname":"home-PC","pid":20912,"level":30,"msg":"Relation: Role to Permission","time":"2020-06-07T19:36:24.581Z","v":0}
{"name":"Log","hostname":"home-PC","pid":20912,"level":30,"msg":"Relation: Post to Tag","time":"2020-06-07T19:36:25.049Z","v":0}
{"name":"Log","hostname":"home-PC","pid":20912,"level":30,"msg":"Relation: User to Role","time":"2020-06-07T19:36:25.096Z","v":0}
{"name":"Log","hostname":"home-PC","pid":20912,"level":30,"msg":"Ghost is running in development...","time":"2020-06-07T19:36:31.577Z","v":0}
{"name":"Log","hostname":"home-PC","pid":20912,"level":30,"msg":"Listening on: 127.0.0.1:2368","time":"2020-06-07T19:36:31.580Z","v":0}
{"name":"Log","hostname":"home-PC","pid":20912,"level":30,"msg":"Url configured as: http://localhost:2368/","time":"2020-06-07T19:36:31.582Z","v":0}
{"name":"Log","hostname":"home-PC","pid":20912,"level":30,"msg":"Ctrl+C to shut down","time":"2020-06-07T19:36:31.583Z","v":0}
{"name":"Log","hostname":"home-PC","pid":20912,"level":30,"msg":"Ghost boot 14.039s","time":"2020-06-07T19:36:31.587Z","v":0}
